<?xml version="1.0" encoding="UTF-8"?>
<!-- Generated by org.testng.reporters.JUnitReportReporter -->
<testsuite hostname="ïê-ÏÊ" name="ru.st.selenium.LoginTest" tests="1" failures="0" timestamp="28 Mar 2015 14:11:23 GMT" time="4,999" errors="0">
  <testcase name="testUntitled" time="4,999" classname="ru.st.selenium.LoginTest"/>
</testsuite>
